

Version:	3.50
CmdLine:	C:\Users\PERSON10\Documents\Concentration\Concentration.exe --l4j-debug
JNI:		No
WOW64:		Yes
Working dir:	C:\Users\PERSON10\Documents\Concentration\.
Requires JDK:	No
Requires 64-Bit: No
Java min ver:	
Java max ver:	
Substitute:	JAVA_HOME = 
Substitute:	PATH = C:\Program Files\Common Files\Oracle\Java\javapath;C:\Program Files (x86)\Common Files\Oracle\Java\javapath;C:\Windows\system32;C:\Windows;C:\Windows\System32\Wbem;C:\Windows\System32\WindowsPowerShell\v1.0\;C:\Windows\System32\OpenSSH\;C:\Program Files (x86)\NVIDIA Corporation\PhysX\Common;C:\Program Files\NVIDIA Corporation\NVIDIA NvDLISR;C:\Program Files\Microsoft SQL Server\150\Tools\Binn\;C:\Program Files\Microsoft SQL Server\Client SDK\ODBC\170\Tools\Binn\;C:\Program Files\Docker\Docker\resources\bin;C:\Program Files\dotnet\;C:\Program Files (x86)\nodejs\;C:\Users\PERSON10\AppData\Local\Microsoft\WindowsApps;C:\Users\PERSON10\AppData\Local\Programs\Microsoft VS Code\bin;C:\Users\PERSON10\AppData\Local\GitHubDesktop\bin;C:\Users\PERSON10\AppData\Local\Programs\Git\cmd;C:\Users\PERSON10\AppData\Roaming\npm;C:\Users\PERSON10\.dotnet\tools;C:\Program Files\Java\jre-1.8\bin
JRE paths:	;C:\Program Files\Common Files\Oracle\Java\javapath;C:\Program Files (x86)\Common Files\Oracle\Java\javapath;C:\Windows\system32;C:\Windows;C:\Windows\System32\Wbem;C:\Windows\System32\WindowsPowerShell\v1.0\;C:\Windows\System32\OpenSSH\;C:\Program Files (x86)\NVIDIA Corporation\PhysX\Common;C:\Program Files\NVIDIA Corporation\NVIDIA NvDLISR;C:\Program Files\Microsoft SQL Server\150\Tools\Binn\;C:\Program Files\Microsoft SQL Server\Client SDK\ODBC\170\Tools\Binn\;C:\Program Files\Docker\Docker\resources\bin;C:\Program Files\dotnet\;C:\Program Files (x86)\nodejs\;C:\Users\PERSON10\AppData\Local\Microsoft\WindowsApps;C:\Users\PERSON10\AppData\Local\Programs\Microsoft VS Code\bin;C:\Users\PERSON10\AppData\Local\GitHubDesktop\bin;C:\Users\PERSON10\AppData\Local\Programs\Git\cmd;C:\Users\PERSON10\AppData\Roaming\npm;C:\Users\PERSON10\.dotnet\tools;C:\Program Files\Java\jre-1.8\bin
Check launcher:	C:\Program Files\Common Files\Oracle\Java\javapath\bin\javaw.exe (not found)
Check launcher:	C:\Program Files (x86)\Common Files\Oracle\Java\javapath\bin\javaw.exe (not found)
Check launcher:	C:\Windows\system32\bin\javaw.exe (not found)
Check launcher:	C:\Windows\bin\javaw.exe (not found)
Check launcher:	C:\Windows\System32\Wbem\bin\javaw.exe (not found)
Check launcher:	C:\Windows\System32\WindowsPowerShell\v1.0\bin\javaw.exe (not found)
Check launcher:	C:\Windows\System32\OpenSSH\bin\javaw.exe (not found)
Check launcher:	C:\Program Files (x86)\NVIDIA Corporation\PhysX\Common\bin\javaw.exe (not found)
Check launcher:	C:\Program Files\NVIDIA Corporation\NVIDIA NvDLISR\bin\javaw.exe (not found)
Check launcher:	C:\Program Files\Microsoft SQL Server\150\Tools\Binn\bin\javaw.exe (not found)
Check launcher:	C:\Program Files\Microsoft SQL Server\Client SDK\ODBC\170\Tools\Binn\bin\javaw.exe (not found)
Check launcher:	C:\Program Files\Docker\Docker\resources\bin\javaw.exe (not found)
Check launcher:	C:\Program Files\dotnet\bin\javaw.exe (not found)
Check launcher:	C:\Program Files (x86)\nodejs\bin\javaw.exe (not found)
Check launcher:	C:\Users\PERSON10\AppData\Local\Microsoft\WindowsApps\bin\javaw.exe (not found)
Check launcher:	C:\Users\PERSON10\AppData\Local\Programs\Microsoft VS Code\bin\javaw.exe (not found)
Check launcher:	C:\Users\PERSON10\AppData\Local\GitHubDesktop\bin\javaw.exe (not found)
Check launcher:	C:\Users\PERSON10\AppData\Local\Programs\Git\cmd\bin\javaw.exe (not found)
Check launcher:	C:\Users\PERSON10\AppData\Roaming\npm\bin\javaw.exe (not found)
Check launcher:	C:\Users\PERSON10\.dotnet\tools\bin\javaw.exe (not found)
Check launcher:	C:\Program Files\Java\jre-1.8\bin\javaw.exe (OK)
Version string: 1.008.000_391 / 64-Bit (OK)
Launcher:	C:\Program Files\Java\jre-1.8\bin\javaw.exe
Launcher args:	-jar "C:\Users\PERSON10\Documents\Concentration\Concentration.exe"
Args length:	66/32768 chars
Exit code:	0
